<?xml version="1.0" encoding="UTF-8"?>
<!-- Generated by org.testng.reporters.JUnitReportReporter -->
<testsuite hostname="MSI" failures="0" tests="2" name="com.testng.class01.LoginTest" time="18.781" errors="0" timestamp="02 Dec 2021 19:48:33 GMT" skipped="0">
  <testcase classname="com.testng.class01.LoginTest" name="verifyUserCannotAbleToLoginWithInvalidCred" time="7.137"/>
  <testcase classname="com.testng.class01.LoginTest" name="verifyUserCanAbleToLogin" time="11.644"/>
</testsuite> <!-- com.testng.class01.LoginTest -->
