<?xml version="1.0" encoding="UTF-8"?>
<!-- Generated by org.testng.reporters.JUnitReportReporter -->
<testsuite hostname="MSI" failures="0" tests="1" name="com.testng.class01.LogoutTest" time="11.627" errors="0" timestamp="02 Dec 2021 17:57:12 GMT" skipped="0">
  <testcase classname="com.testng.class01.LogoutTest" name="verifyUserCanAbleToLogout" time="11.627"/>
</testsuite> <!-- com.testng.class01.LogoutTest -->
